<?xml version="1.0" encoding="UTF-8"?>
<!-- Generated by org.testng.reporters.JUnitReportReporter -->
<testsuite hostname="lin80027569" failures="0" tests="1" name="ContinuereadingComplesJson" time="0.988" errors="0" timestamp="2022-04-12T11:15:51 IST" skipped="0">
  <testcase classname="ContinuereadingComplesJson" name="sumValidatio" time="0.988"/>
  <system-out/>
</testsuite> <!-- ContinuereadingComplesJson -->
