<?xml version="1.0" encoding="UTF-8"?>
<!-- Generated by org.testng.reporters.JUnitReportReporter -->
<testsuite hostname="lin80027569" failures="0" tests="1" name="homePageTest.HomePageNavigation" time="4.552" errors="0" timestamp="2022-03-04T12:43:32 IST" skipped="0">
  <testcase classname="homePageTest.HomePageNavigation" name="navigationToHomePage" time="4.552"/>
  <system-out/>
</testsuite> <!-- homePageTest.HomePageNavigation -->
